0.063
0.063
2017年  4月 13日 木曜日 22:53:44 JST : turn ON
0.063
0.063
0.063
0.063
0.063
0.063
0.063
0.063
0.063
0.063
0.063
0.063
2017年  4月 13日 木曜日 22:54:01 JST : turn ON
0.063
0.063
0.063
0.063
0.063
0.063
0.063
0.063
0.063
0.032
0.032
2017年  4月 13日 木曜日 22:54:13 JST : turn OFF
0.032
0.032
0.032
0.032
0.032
0.032
0.032
0.032
0.063
0.063
2017年  4月 13日 木曜日 22:54:24 JST : turn ON
0.032
0.032
2017年  4月 13日 木曜日 22:54:27 JST : turn OFF
0.032
0.032
0.032
0.032
0.032
0.032
0.032
0.032
0.063
0.063
2017年  4月 13日 木曜日 22:54:38 JST : turn ON
0.063
0.063
0.063
0.063
0.063
0.063
0.063
0.063
0.063
0.063
0.063
0.063
0.063
0.063
0.063
0.063
0.063
0.063
0.063
0.063
0.063
0.063
0.063
0.063
0.063
0.063
0.063
0.063
0.063
0.063
0.063
0.063
0.063
0.063
0.063
0.063
0.063
0.063
0.063
0.063
0.063
0.062
0.048
0.061
0.061
0.061
0.061
0.048
0.119
0.906
0.724
0.724
0.724
0.724
0.437
0.018
0.057
0.061
0.061
0.061
0.061
0.061
0.061
0.061
0.061
0.061
0.061
0.061
2017年  4月 13日 木曜日 22:56:03 JST : turn ON
2017年  4月 13日 木曜日 23:10:23 JST : turn OFF
2017年  4月 13日 木曜日 23:10:25 JST : turn ON
2017年  4月 13日 木曜日 23:10:33 JST : turn OFF
2017年  4月 13日 木曜日 23:10:37 JST : turn ON
